app/build/intermediates/manifest_merge_blame_file/debug/manifest-merger-blame-debug-report.txt
1<?xml version="1.0" encoding="utf-8"?>
2<manifest xmlns:android="http://schemas.android.com/apk/res/android"
3    package="group5.com.prm_autopartssale"
4    android:versionCode="1"
5    android:versionName="1.0" >
6
7    <uses-sdk
8        android:minSdkVersion="26"
9        android:targetSdkVersion="34" />
10
11    <uses-feature
11-->src/main/AndroidManifest.xml:6:5-8:34
12        android:name="android.hardware.telephony"
12-->src/main/AndroidManifest.xml:7:7-48
13        android:required="false" />
13-->src/main/AndroidManifest.xml:8:7-31
14
15    <uses-permission android:name="android.permission.INTERNET" />
15-->src/main/AndroidManifest.xml:10:5-67
15-->src/main/AndroidManifest.xml:10:22-64
16    <uses-permission android:name="android.permission.POST_NOTIFICATIONS" />
16-->src/main/AndroidManifest.xml:12:5-77
16-->src/main/AndroidManifest.xml:12:22-74
17    <uses-permission android:name="android.permission.ACCESS_NETWORK_STATE" />
17-->src/main/AndroidManifest.xml:13:5-79
17-->src/main/AndroidManifest.xml:13:22-76
18    <uses-permission android:name="android.permission.ACCESS_FINE_LOCATION" />
18-->src/main/AndroidManifest.xml:15:5-79
18-->src/main/AndroidManifest.xml:15:22-76
19    <uses-permission android:name="android.permission.ACCESS_COARSE_LOCATION" />
19-->src/main/AndroidManifest.xml:16:5-81
19-->src/main/AndroidManifest.xml:16:22-78
20    <uses-permission android:name="android.permission.CALL_PHONE" />
20-->src/main/AndroidManifest.xml:17:5-69
20-->src/main/AndroidManifest.xml:17:22-66
21
22    <uses-feature
22-->[com.google.android.gms:play-services-maps:18.2.0] AndroidManifest.xml:26:5-28:35
23        android:glEsVersion="0x00020000"
23-->[com.google.android.gms:play-services-maps:18.2.0] AndroidManifest.xml:27:9-41
24        android:required="true" />
24-->[com.google.android.gms:play-services-maps:18.2.0] AndroidManifest.xml:28:9-32
25
26    <queries>
26-->[com.google.android.gms:play-services-maps:18.2.0] AndroidManifest.xml:30:5-34:15
27
28        <!-- Needs to be explicitly declared on Android R+ -->
29        <package android:name="com.google.android.apps.maps" />
29-->[com.google.android.gms:play-services-maps:18.2.0] AndroidManifest.xml:33:9-64
29-->[com.google.android.gms:play-services-maps:18.2.0] AndroidManifest.xml:33:18-61
30    </queries>
31
32    <uses-permission android:name="android.permission.WAKE_LOCK" />
32-->[com.google.android.gms:play-services-measurement-api:21.4.0] AndroidManifest.xml:24:5-68
32-->[com.google.android.gms:play-services-measurement-api:21.4.0] AndroidManifest.xml:24:22-65
33    <uses-permission android:name="com.google.android.gms.permission.AD_ID" />
33-->[com.google.android.gms:play-services-measurement-api:21.4.0] AndroidManifest.xml:25:5-79
33-->[com.google.android.gms:play-services-measurement-api:21.4.0] AndroidManifest.xml:25:22-76
34    <uses-permission android:name="com.google.android.finsky.permission.BIND_GET_INSTALL_REFERRER_SERVICE" />
34-->[com.google.android.gms:play-services-measurement:21.4.0] AndroidManifest.xml:26:5-110
34-->[com.google.android.gms:play-services-measurement:21.4.0] AndroidManifest.xml:26:22-107
35
36    <permission
36-->[androidx.core:core:1.9.0] AndroidManifest.xml:22:5-24:47
37        android:name="group5.com.prm_autopartssale.DYNAMIC_RECEIVER_NOT_EXPORTED_PERMISSION"
37-->[androidx.core:core:1.9.0] AndroidManifest.xml:23:9-81
38        android:protectionLevel="signature" />
38-->[androidx.core:core:1.9.0] AndroidManifest.xml:24:9-44
39
40    <uses-permission android:name="group5.com.prm_autopartssale.DYNAMIC_RECEIVER_NOT_EXPORTED_PERMISSION" />
40-->[androidx.core:core:1.9.0] AndroidManifest.xml:26:5-97
40-->[androidx.core:core:1.9.0] AndroidManifest.xml:26:22-94
41
42    <application
42-->src/main/AndroidManifest.xml:20:5-63:19
43        android:allowBackup="true"
43-->src/main/AndroidManifest.xml:21:7-33
44        android:appComponentFactory="androidx.core.app.CoreComponentFactory"
44-->[androidx.core:core:1.9.0] AndroidManifest.xml:28:18-86
45        android:dataExtractionRules="@xml/data_extraction_rules"
45-->src/main/AndroidManifest.xml:22:7-63
46        android:debuggable="true"
47        android:extractNativeLibs="false"
48        android:fullBackupContent="@xml/backup_rules"
48-->src/main/AndroidManifest.xml:23:7-52
49        android:icon="@mipmap/ic_launcher"
49-->src/main/AndroidManifest.xml:24:7-41
50        android:label="@string/app_name"
50-->src/main/AndroidManifest.xml:25:7-39
51        android:roundIcon="@mipmap/ic_launcher_round"
51-->src/main/AndroidManifest.xml:26:7-52
52        android:supportsRtl="true"
52-->src/main/AndroidManifest.xml:27:7-33
53        android:testOnly="true"
54        android:theme="@style/Theme.PRM_AutoPartsSale" >
54-->src/main/AndroidManifest.xml:28:7-53
55        <activity
55-->src/main/AndroidManifest.xml:30:9-32:58
56            android:name="group5.com.prm_autopartssale.activity.FillProfileActivity"
56-->src/main/AndroidManifest.xml:32:11-55
57            android:exported="false" />
57-->src/main/AndroidManifest.xml:31:11-35
58        <activity
58-->src/main/AndroidManifest.xml:33:9-41:20
59            android:name="group5.com.prm_autopartssale.activity.LoginActivity"
59-->src/main/AndroidManifest.xml:35:11-49
60            android:exported="true" >
60-->src/main/AndroidManifest.xml:34:11-34
61            <intent-filter>
61-->src/main/AndroidManifest.xml:36:13-40:29
62                <action android:name="android.intent.action.MAIN" />
62-->src/main/AndroidManifest.xml:37:17-69
62-->src/main/AndroidManifest.xml:37:25-66
63
64                <category android:name="android.intent.category.LAUNCHER" />
64-->src/main/AndroidManifest.xml:39:17-77
64-->src/main/AndroidManifest.xml:39:27-74
65            </intent-filter>
66        </activity>
67        <activity
67-->src/main/AndroidManifest.xml:42:9-44:57
68            android:name="group5.com.prm_autopartssale.activity.OnboardingActivity"
68-->src/main/AndroidManifest.xml:44:11-54
69            android:exported="false" />
69-->src/main/AndroidManifest.xml:43:11-35
70        <activity
70-->src/main/AndroidManifest.xml:45:9-48:65
71            android:name="group5.com.prm_autopartssale.activity.MainActivity"
71-->src/main/AndroidManifest.xml:47:11-48
72            android:exported="true"
72-->src/main/AndroidManifest.xml:46:11-34
73            android:windowSoftInputMode="adjustResize" />
73-->src/main/AndroidManifest.xml:48:11-53
74        <activity
74-->src/main/AndroidManifest.xml:49:9-58:20
75            android:name="group5.com.prm_autopartssale.activity.PaymentResultActivity"
75-->src/main/AndroidManifest.xml:51:11-57
76            android:exported="true" >
76-->src/main/AndroidManifest.xml:50:11-34
77            <intent-filter>
77-->src/main/AndroidManifest.xml:52:13-57:29
78                <action android:name="android.intent.action.VIEW" />
78-->src/main/AndroidManifest.xml:53:17-69
78-->src/main/AndroidManifest.xml:53:25-66
79
80                <category android:name="android.intent.category.BROWSABLE" />
80-->src/main/AndroidManifest.xml:54:17-78
80-->src/main/AndroidManifest.xml:54:27-75
81                <category android:name="android.intent.category.DEFAULT" />
81-->src/main/AndroidManifest.xml:55:17-76
81-->src/main/AndroidManifest.xml:55:27-73
82
83                <data android:scheme="your_scheme_app" />
83-->src/main/AndroidManifest.xml:56:17-58
83-->src/main/AndroidManifest.xml:56:23-55
84            </intent-filter>
85        </activity>
86
87        <meta-data
87-->src/main/AndroidManifest.xml:60:9-62:69
88            android:name="com.google.android.geo.API_KEY"
88-->src/main/AndroidManifest.xml:61:11-56
89            android:value="AIzaSyCk-A37NTSTQn2XspBUme42fqw2BVJWeQs" />
89-->src/main/AndroidManifest.xml:62:11-66
90
91        <activity
91-->[com.google.android.gms:play-services-auth:20.7.0] AndroidManifest.xml:23:9-27:75
92            android:name="com.google.android.gms.auth.api.signin.internal.SignInHubActivity"
92-->[com.google.android.gms:play-services-auth:20.7.0] AndroidManifest.xml:24:13-93
93            android:excludeFromRecents="true"
93-->[com.google.android.gms:play-services-auth:20.7.0] AndroidManifest.xml:25:13-46
94            android:exported="false"
94-->[com.google.android.gms:play-services-auth:20.7.0] AndroidManifest.xml:26:13-37
95            android:theme="@android:style/Theme.Translucent.NoTitleBar" />
95-->[com.google.android.gms:play-services-auth:20.7.0] AndroidManifest.xml:27:13-72
96        <!--
97            Service handling Google Sign-In user revocation. For apps that do not integrate with
98            Google Sign-In, this service will never be started.
99        -->
100        <service
100-->[com.google.android.gms:play-services-auth:20.7.0] AndroidManifest.xml:33:9-37:51
101            android:name="com.google.android.gms.auth.api.signin.RevocationBoundService"
101-->[com.google.android.gms:play-services-auth:20.7.0] AndroidManifest.xml:34:13-89
102            android:exported="true"
102-->[com.google.android.gms:play-services-auth:20.7.0] AndroidManifest.xml:35:13-36
103            android:permission="com.google.android.gms.auth.api.signin.permission.REVOCATION_NOTIFICATION"
103-->[com.google.android.gms:play-services-auth:20.7.0] AndroidManifest.xml:36:13-107
104            android:visibleToInstantApps="true" />
104-->[com.google.android.gms:play-services-auth:20.7.0] AndroidManifest.xml:37:13-48
105        <service
105-->[com.google.firebase:firebase-database:20.3.0] AndroidManifest.xml:26:9-35:19
106            android:name="com.google.firebase.components.ComponentDiscoveryService"
106-->[com.google.firebase:firebase-database:20.3.0] AndroidManifest.xml:27:13-84
107            android:directBootAware="true"
107-->[com.google.firebase:firebase-common:20.4.2] AndroidManifest.xml:32:13-43
108            android:exported="false" >
108-->[com.google.firebase:firebase-database:20.3.0] AndroidManifest.xml:28:13-37
109            <meta-data
109-->[com.google.firebase:firebase-database:20.3.0] AndroidManifest.xml:29:13-31:85
110                android:name="com.google.firebase.components:com.google.firebase.database.FirebaseDatabaseKtxRegistrar"
110-->[com.google.firebase:firebase-database:20.3.0] AndroidManifest.xml:30:17-120
111                android:value="com.google.firebase.components.ComponentRegistrar" />
111-->[com.google.firebase:firebase-database:20.3.0] AndroidManifest.xml:31:17-82
112            <meta-data
112-->[com.google.firebase:firebase-database:20.3.0] AndroidManifest.xml:32:13-34:85
113                android:name="com.google.firebase.components:com.google.firebase.database.DatabaseRegistrar"
113-->[com.google.firebase:firebase-database:20.3.0] AndroidManifest.xml:33:17-109
114                android:value="com.google.firebase.components.ComponentRegistrar" />
114-->[com.google.firebase:firebase-database:20.3.0] AndroidManifest.xml:34:17-82
115            <meta-data
115-->[com.google.firebase:firebase-auth:22.2.0] AndroidManifest.xml:69:13-71:85
116                android:name="com.google.firebase.components:com.google.firebase.auth.FirebaseAuthRegistrar"
116-->[com.google.firebase:firebase-auth:22.2.0] AndroidManifest.xml:70:17-109
117                android:value="com.google.firebase.components.ComponentRegistrar" />
117-->[com.google.firebase:firebase-auth:22.2.0] AndroidManifest.xml:71:17-82
118            <meta-data
118-->[com.google.android.gms:play-services-measurement-api:21.4.0] AndroidManifest.xml:31:13-33:85
119                android:name="com.google.firebase.components:com.google.firebase.analytics.connector.internal.AnalyticsConnectorRegistrar"
119-->[com.google.android.gms:play-services-measurement-api:21.4.0] AndroidManifest.xml:32:17-139
120                android:value="com.google.firebase.components.ComponentRegistrar" />
120-->[com.google.android.gms:play-services-measurement-api:21.4.0] AndroidManifest.xml:33:17-82
121            <meta-data
121-->[com.google.firebase:firebase-installations:17.2.0] AndroidManifest.xml:15:13-17:85
122                android:name="com.google.firebase.components:com.google.firebase.installations.FirebaseInstallationsKtxRegistrar"
122-->[com.google.firebase:firebase-installations:17.2.0] AndroidManifest.xml:16:17-130
123                android:value="com.google.firebase.components.ComponentRegistrar" />
123-->[com.google.firebase:firebase-installations:17.2.0] AndroidManifest.xml:17:17-82
124            <meta-data
124-->[com.google.firebase:firebase-installations:17.2.0] AndroidManifest.xml:18:13-20:85
125                android:name="com.google.firebase.components:com.google.firebase.installations.FirebaseInstallationsRegistrar"
125-->[com.google.firebase:firebase-installations:17.2.0] AndroidManifest.xml:19:17-127
126                android:value="com.google.firebase.components.ComponentRegistrar" />
126-->[com.google.firebase:firebase-installations:17.2.0] AndroidManifest.xml:20:17-82
127            <meta-data
127-->[com.google.firebase:firebase-common-ktx:20.4.2] AndroidManifest.xml:12:13-14:85
128                android:name="com.google.firebase.components:com.google.firebase.ktx.FirebaseCommonLegacyRegistrar"
128-->[com.google.firebase:firebase-common-ktx:20.4.2] AndroidManifest.xml:13:17-116
129                android:value="com.google.firebase.components.ComponentRegistrar" />
129-->[com.google.firebase:firebase-common-ktx:20.4.2] AndroidManifest.xml:14:17-82
130            <meta-data
130-->[com.google.firebase:firebase-common:20.4.2] AndroidManifest.xml:35:13-37:85
131                android:name="com.google.firebase.components:com.google.firebase.FirebaseCommonKtxRegistrar"
131-->[com.google.firebase:firebase-common:20.4.2] AndroidManifest.xml:36:17-109
132                android:value="com.google.firebase.components.ComponentRegistrar" />
132-->[com.google.firebase:firebase-common:20.4.2] AndroidManifest.xml:37:17-82
133        </service>
134
135        <activity
135-->[com.google.firebase:firebase-auth:22.2.0] AndroidManifest.xml:29:9-46:20
136            android:name="com.google.firebase.auth.internal.GenericIdpActivity"
136-->[com.google.firebase:firebase-auth:22.2.0] AndroidManifest.xml:30:13-80
137            android:excludeFromRecents="true"
137-->[com.google.firebase:firebase-auth:22.2.0] AndroidManifest.xml:31:13-46
138            android:exported="true"
138-->[com.google.firebase:firebase-auth:22.2.0] AndroidManifest.xml:32:13-36
139            android:launchMode="singleTask"
139-->[com.google.firebase:firebase-auth:22.2.0] AndroidManifest.xml:33:13-44
140            android:theme="@android:style/Theme.Translucent.NoTitleBar" >
140-->[com.google.firebase:firebase-auth:22.2.0] AndroidManifest.xml:34:13-72
141            <intent-filter>
141-->[com.google.firebase:firebase-auth:22.2.0] AndroidManifest.xml:35:13-45:29
142                <action android:name="android.intent.action.VIEW" />
142-->src/main/AndroidManifest.xml:53:17-69
142-->src/main/AndroidManifest.xml:53:25-66
143
144                <category android:name="android.intent.category.DEFAULT" />
144-->src/main/AndroidManifest.xml:55:17-76
144-->src/main/AndroidManifest.xml:55:27-73
145                <category android:name="android.intent.category.BROWSABLE" />
145-->src/main/AndroidManifest.xml:54:17-78
145-->src/main/AndroidManifest.xml:54:27-75
146
147                <data
147-->src/main/AndroidManifest.xml:56:17-58
148                    android:host="firebase.auth"
149                    android:path="/"
150                    android:scheme="genericidp" />
150-->src/main/AndroidManifest.xml:56:23-55
151            </intent-filter>
152        </activity>
153        <activity
153-->[com.google.firebase:firebase-auth:22.2.0] AndroidManifest.xml:47:9-64:20
154            android:name="com.google.firebase.auth.internal.RecaptchaActivity"
154-->[com.google.firebase:firebase-auth:22.2.0] AndroidManifest.xml:48:13-79
155            android:excludeFromRecents="true"
155-->[com.google.firebase:firebase-auth:22.2.0] AndroidManifest.xml:49:13-46
156            android:exported="true"
156-->[com.google.firebase:firebase-auth:22.2.0] AndroidManifest.xml:50:13-36
157            android:launchMode="singleTask"
157-->[com.google.firebase:firebase-auth:22.2.0] AndroidManifest.xml:51:13-44
158            android:theme="@android:style/Theme.Translucent.NoTitleBar" >
158-->[com.google.firebase:firebase-auth:22.2.0] AndroidManifest.xml:52:13-72
159            <intent-filter>
159-->[com.google.firebase:firebase-auth:22.2.0] AndroidManifest.xml:53:13-63:29
160                <action android:name="android.intent.action.VIEW" />
160-->src/main/AndroidManifest.xml:53:17-69
160-->src/main/AndroidManifest.xml:53:25-66
161
162                <category android:name="android.intent.category.DEFAULT" />
162-->src/main/AndroidManifest.xml:55:17-76
162-->src/main/AndroidManifest.xml:55:27-73
163                <category android:name="android.intent.category.BROWSABLE" />
163-->src/main/AndroidManifest.xml:54:17-78
163-->src/main/AndroidManifest.xml:54:27-75
164
165                <data
165-->src/main/AndroidManifest.xml:56:17-58
166                    android:host="firebase.auth"
167                    android:path="/"
168                    android:scheme="recaptcha" />
168-->src/main/AndroidManifest.xml:56:23-55
169            </intent-filter>
170        </activity>
171
172        <provider
172-->[com.squareup.picasso:picasso:2.71828] AndroidManifest.xml:8:9-11:40
173            android:name="com.squareup.picasso.PicassoProvider"
173-->[com.squareup.picasso:picasso:2.71828] AndroidManifest.xml:9:13-64
174            android:authorities="group5.com.prm_autopartssale.com.squareup.picasso"
174-->[com.squareup.picasso:picasso:2.71828] AndroidManifest.xml:10:13-72
175            android:exported="false" /> <!-- Needs to be explicitly declared on P+ -->
175-->[com.squareup.picasso:picasso:2.71828] AndroidManifest.xml:11:13-37
176        <uses-library
176-->[com.google.android.gms:play-services-maps:18.2.0] AndroidManifest.xml:39:9-41:40
177            android:name="org.apache.http.legacy"
177-->[com.google.android.gms:play-services-maps:18.2.0] AndroidManifest.xml:40:13-50
178            android:required="false" />
178-->[com.google.android.gms:play-services-maps:18.2.0] AndroidManifest.xml:41:13-37
179
180        <provider
180-->[com.google.firebase:firebase-common:20.4.2] AndroidManifest.xml:23:9-28:39
181            android:name="com.google.firebase.provider.FirebaseInitProvider"
181-->[com.google.firebase:firebase-common:20.4.2] AndroidManifest.xml:24:13-77
182            android:authorities="group5.com.prm_autopartssale.firebaseinitprovider"
182-->[com.google.firebase:firebase-common:20.4.2] AndroidManifest.xml:25:13-72
183            android:directBootAware="true"
183-->[com.google.firebase:firebase-common:20.4.2] AndroidManifest.xml:26:13-43
184            android:exported="false"
184-->[com.google.firebase:firebase-common:20.4.2] AndroidManifest.xml:27:13-37
185            android:initOrder="100" />
185-->[com.google.firebase:firebase-common:20.4.2] AndroidManifest.xml:28:13-36
186
187        <receiver
187-->[com.google.android.gms:play-services-measurement:21.4.0] AndroidManifest.xml:29:9-33:20
188            android:name="com.google.android.gms.measurement.AppMeasurementReceiver"
188-->[com.google.android.gms:play-services-measurement:21.4.0] AndroidManifest.xml:30:13-85
189            android:enabled="true"
189-->[com.google.android.gms:play-services-measurement:21.4.0] AndroidManifest.xml:31:13-35
190            android:exported="false" >
190-->[com.google.android.gms:play-services-measurement:21.4.0] AndroidManifest.xml:32:13-37
191        </receiver>
192
193        <service
193-->[com.google.android.gms:play-services-measurement:21.4.0] AndroidManifest.xml:35:9-38:40
194            android:name="com.google.android.gms.measurement.AppMeasurementService"
194-->[com.google.android.gms:play-services-measurement:21.4.0] AndroidManifest.xml:36:13-84
195            android:enabled="true"
195-->[com.google.android.gms:play-services-measurement:21.4.0] AndroidManifest.xml:37:13-35
196            android:exported="false" />
196-->[com.google.android.gms:play-services-measurement:21.4.0] AndroidManifest.xml:38:13-37
197        <service
197-->[com.google.android.gms:play-services-measurement:21.4.0] AndroidManifest.xml:39:9-43:72
198            android:name="com.google.android.gms.measurement.AppMeasurementJobService"
198-->[com.google.android.gms:play-services-measurement:21.4.0] AndroidManifest.xml:40:13-87
199            android:enabled="true"
199-->[com.google.android.gms:play-services-measurement:21.4.0] AndroidManifest.xml:41:13-35
200            android:exported="false"
200-->[com.google.android.gms:play-services-measurement:21.4.0] AndroidManifest.xml:42:13-37
201            android:permission="android.permission.BIND_JOB_SERVICE" />
201-->[com.google.android.gms:play-services-measurement:21.4.0] AndroidManifest.xml:43:13-69
202
203        <activity
203-->[com.google.android.gms:play-services-base:18.1.0] AndroidManifest.xml:20:9-22:45
204            android:name="com.google.android.gms.common.api.GoogleApiActivity"
204-->[com.google.android.gms:play-services-base:18.1.0] AndroidManifest.xml:20:19-85
205            android:exported="false"
205-->[com.google.android.gms:play-services-base:18.1.0] AndroidManifest.xml:22:19-43
206            android:theme="@android:style/Theme.Translucent.NoTitleBar" />
206-->[com.google.android.gms:play-services-base:18.1.0] AndroidManifest.xml:21:19-78
207
208        <uses-library
208-->[androidx.privacysandbox.ads:ads-adservices:1.0.0-beta05] AndroidManifest.xml:23:9-25:40
209            android:name="android.ext.adservices"
209-->[androidx.privacysandbox.ads:ads-adservices:1.0.0-beta05] AndroidManifest.xml:24:13-50
210            android:required="false" />
210-->[androidx.privacysandbox.ads:ads-adservices:1.0.0-beta05] AndroidManifest.xml:25:13-37
211
212        <provider
212-->[androidx.emoji2:emoji2:1.2.0] AndroidManifest.xml:24:9-32:20
213            android:name="androidx.startup.InitializationProvider"
213-->[androidx.emoji2:emoji2:1.2.0] AndroidManifest.xml:25:13-67
214            android:authorities="group5.com.prm_autopartssale.androidx-startup"
214-->[androidx.emoji2:emoji2:1.2.0] AndroidManifest.xml:26:13-68
215            android:exported="false" >
215-->[androidx.emoji2:emoji2:1.2.0] AndroidManifest.xml:27:13-37
216            <meta-data
216-->[androidx.emoji2:emoji2:1.2.0] AndroidManifest.xml:29:13-31:52
217                android:name="androidx.emoji2.text.EmojiCompatInitializer"
217-->[androidx.emoji2:emoji2:1.2.0] AndroidManifest.xml:30:17-75
218                android:value="androidx.startup" />
218-->[androidx.emoji2:emoji2:1.2.0] AndroidManifest.xml:31:17-49
219            <meta-data
219-->[androidx.lifecycle:lifecycle-process:2.6.1] AndroidManifest.xml:29:13-31:52
220                android:name="androidx.lifecycle.ProcessLifecycleInitializer"
220-->[androidx.lifecycle:lifecycle-process:2.6.1] AndroidManifest.xml:30:17-78
221                android:value="androidx.startup" />
221-->[androidx.lifecycle:lifecycle-process:2.6.1] AndroidManifest.xml:31:17-49
222            <meta-data
222-->[androidx.profileinstaller:profileinstaller:1.3.0] AndroidManifest.xml:29:13-31:52
223                android:name="androidx.profileinstaller.ProfileInstallerInitializer"
223-->[androidx.profileinstaller:profileinstaller:1.3.0] AndroidManifest.xml:30:17-85
224                android:value="androidx.startup" />
224-->[androidx.profileinstaller:profileinstaller:1.3.0] AndroidManifest.xml:31:17-49
225        </provider>
226
227        <meta-data
227-->[com.google.android.gms:play-services-basement:18.2.0] AndroidManifest.xml:21:9-23:69
228            android:name="com.google.android.gms.version"
228-->[com.google.android.gms:play-services-basement:18.2.0] AndroidManifest.xml:22:13-58
229            android:value="@integer/google_play_services_version" />
229-->[com.google.android.gms:play-services-basement:18.2.0] AndroidManifest.xml:23:13-66
230
231        <receiver
231-->[androidx.profileinstaller:profileinstaller:1.3.0] AndroidManifest.xml:34:9-52:20
232            android:name="androidx.profileinstaller.ProfileInstallReceiver"
232-->[androidx.profileinstaller:profileinstaller:1.3.0] AndroidManifest.xml:35:13-76
233            android:directBootAware="false"
233-->[androidx.profileinstaller:profileinstaller:1.3.0] AndroidManifest.xml:36:13-44
234            android:enabled="true"
234-->[androidx.profileinstaller:profileinstaller:1.3.0] AndroidManifest.xml:37:13-35
235            android:exported="true"
235-->[androidx.profileinstaller:profileinstaller:1.3.0] AndroidManifest.xml:38:13-36
236            android:permission="android.permission.DUMP" >
236-->[androidx.profileinstaller:profileinstaller:1.3.0] AndroidManifest.xml:39:13-57
237            <intent-filter>
237-->[androidx.profileinstaller:profileinstaller:1.3.0] AndroidManifest.xml:40:13-42:29
238                <action android:name="androidx.profileinstaller.action.INSTALL_PROFILE" />
238-->[androidx.profileinstaller:profileinstaller:1.3.0] AndroidManifest.xml:41:17-91
238-->[androidx.profileinstaller:profileinstaller:1.3.0] AndroidManifest.xml:41:25-88
239            </intent-filter>
240            <intent-filter>
240-->[androidx.profileinstaller:profileinstaller:1.3.0] AndroidManifest.xml:43:13-45:29
241                <action android:name="androidx.profileinstaller.action.SKIP_FILE" />
241-->[androidx.profileinstaller:profileinstaller:1.3.0] AndroidManifest.xml:44:17-85
241-->[androidx.profileinstaller:profileinstaller:1.3.0] AndroidManifest.xml:44:25-82
242            </intent-filter>
243            <intent-filter>
243-->[androidx.profileinstaller:profileinstaller:1.3.0] AndroidManifest.xml:46:13-48:29
244                <action android:name="androidx.profileinstaller.action.SAVE_PROFILE" />
244-->[androidx.profileinstaller:profileinstaller:1.3.0] AndroidManifest.xml:47:17-88
244-->[androidx.profileinstaller:profileinstaller:1.3.0] AndroidManifest.xml:47:25-85
245            </intent-filter>
246            <intent-filter>
246-->[androidx.profileinstaller:profileinstaller:1.3.0] AndroidManifest.xml:49:13-51:29
247                <action android:name="androidx.profileinstaller.action.BENCHMARK_OPERATION" />
247-->[androidx.profileinstaller:profileinstaller:1.3.0] AndroidManifest.xml:50:17-95
247-->[androidx.profileinstaller:profileinstaller:1.3.0] AndroidManifest.xml:50:25-92
248            </intent-filter>
249        </receiver>
250    </application>
251
252</manifest>